2026-01-08 15:46:02,762 [INFO] 📂 309개 파일 발견
2026-01-08 15:46:03,097 [INFO] 🎯 12개 전략 테스트
2026-01-08 15:46:03,097 [INFO] [NEW_PRE] Championship Mode 시작...
2026-01-08 15:46:44,456 [INFO] 📅 196일 데이터 로드
2026-01-08 15:50:03,120 [INFO] 📂 309개 파일 발견
2026-01-08 15:50:03,500 [INFO] 🎯 12개 전략 테스트
2026-01-08 15:50:03,500 [INFO] [NEW_PRE] Championship Mode 시작...
2026-01-08 15:50:38,381 [INFO] 📅 279일 데이터 로드
2026-01-08 15:52:59,634 [INFO] [ATOM_SUP_EMA200] Championship Mode 시작...
2026-01-08 15:53:34,729 [INFO] 📅 279일 데이터 로드
2026-01-08 15:54:46,421 [INFO] [NEW_ORB] Championship Mode 시작...
2026-01-08 15:55:21,596 [INFO] 📅 279일 데이터 로드
2026-01-08 15:56:45,873 [INFO] [DIP_SNIPER] Championship Mode 시작...
2026-01-08 15:57:24,701 [INFO] 📅 279일 데이터 로드
2026-01-08 15:58:38,413 [INFO] [ROD_B] Championship Mode 시작...
2026-01-08 15:59:13,758 [INFO] 📅 279일 데이터 로드
2026-01-08 16:00:14,934 [INFO] [ATOM_SUP_EMA50] Championship Mode 시작...
2026-01-08 16:00:50,873 [INFO] 📅 279일 데이터 로드
2026-01-08 16:01:39,739 [INFO] [ATOM_SUP_VWAP] Championship Mode 시작...
2026-01-08 16:02:15,202 [INFO] 📅 279일 데이터 로드
2026-01-08 16:03:03,512 [INFO] [ROD_A] Championship Mode 시작...
2026-01-08 16:03:39,052 [INFO] 📅 279일 데이터 로드
2026-01-08 16:04:24,876 [INFO] [MOL_CONFLUENCE] Championship Mode 시작...
2026-01-08 16:05:01,172 [INFO] 📅 279일 데이터 로드
2026-01-08 16:05:44,919 [INFO] [ATOM_SUP_EMA20] Championship Mode 시작...
2026-01-08 16:06:20,169 [INFO] 📅 279일 데이터 로드
2026-01-08 16:07:05,188 [INFO] [ROD_C] Championship Mode 시작...
2026-01-08 16:07:41,183 [INFO] 📅 279일 데이터 로드
2026-01-08 16:08:28,281 [INFO] [ATOM_SUP_EMA5] Championship Mode 시작...
2026-01-08 16:09:02,893 [INFO] 📅 279일 데이터 로드
2026-01-08 16:09:41,660 [INFO] ✅ 거래 내역 저장:  results/championship_trades.csv
2026-01-08 16:09:41,667 [INFO] ✅ 통계 저장: results/championship_summary.json
2026-01-08 17:10:30,191 [INFO] 309개 파일 발견
2026-01-08 17:10:30,234 [INFO] 12개 전략 테스트
2026-01-08 17:10:30,235 [INFO] [NEW_PRE] Championship Mode 시작...
2026-01-08 17:11:07,170 [INFO] [NEW_PRE] 279일 데이터 로드
2026-01-08 19:49:19,378 [INFO] 309개 파일 발견
2026-01-08 19:49:19,987 [INFO] 12개 전략 테스트
2026-01-08 19:49:19,987 [INFO] [NEW_PRE] Championship Mode 시작...
2026-01-08 19:50:20,813 [INFO] [NEW_PRE] 279일 데이터 로드
2026-01-08 19:53:38,655 [INFO] [ATOM_SUP_EMA200] Championship Mode 시작...
2026-01-08 19:54:30,814 [INFO] [ATOM_SUP_EMA200] 279일 데이터 로드
2026-01-08 19:55:58,169 [INFO] [NEW_ORB] Championship Mode 시작...
2026-01-08 19:56:44,252 [INFO] [NEW_ORB] 279일 데이터 로드
2026-01-08 19:58:09,913 [INFO] [DIP_SNIPER] Championship Mode 시작...
2026-01-08 19:58:56,053 [INFO] [DIP_SNIPER] 279일 데이터 로드
2026-01-08 20:00:05,566 [INFO] [ROD_B] Championship Mode 시작...
2026-01-08 20:00:50,529 [INFO] [ROD_B] 279일 데이터 로드
2026-01-08 20:02:07,287 [INFO] [ATOM_SUP_EMA50] Championship Mode 시작...
2026-01-08 20:02:48,415 [INFO] [ATOM_SUP_EMA50] 279일 데이터 로드
2026-01-08 20:03:19,656 [INFO] [ATOM_SUP_VWAP] Championship Mode 시작...
2026-01-08 20:03:50,826 [INFO] [ATOM_SUP_VWAP] 279일 데이터 로드
2026-01-08 20:04:23,205 [INFO] [ROD_A] Championship Mode 시작...
2026-01-08 20:04:54,009 [INFO] [ROD_A] 279일 데이터 로드
2026-01-08 20:05:24,500 [INFO] [MOL_CONFLUENCE] Championship Mode 시작...
2026-01-08 20:05:54,737 [INFO] [MOL_CONFLUENCE] 279일 데이터 로드
2026-01-08 20:06:23,951 [INFO] [ATOM_SUP_EMA20] Championship Mode 시작...
2026-01-08 20:07:01,306 [INFO] [ATOM_SUP_EMA20] 279일 데이터 로드
2026-01-08 20:07:49,916 [INFO] [ROD_C] Championship Mode 시작...
2026-01-08 20:08:32,060 [INFO] [ROD_C] 279일 데이터 로드
2026-01-08 20:09:25,357 [INFO] [ATOM_SUP_EMA5] Championship Mode 시작...
2026-01-08 20:10:06,601 [INFO] [ATOM_SUP_EMA5] 279일 데이터 로드
2026-01-08 20:10:51,752 [INFO] 거래 내역 저장: results/championship_trades_fixed.csv
